2.250 2.100
4.750 3.100
6.000 2.100
6.000 3.100
6.000 0.100
6.000 -2.900
6.000 0.100
6.000 -2.900
11.000 -2.900
6.000 -2.900
6.000 -8.890
6.000 -14.880
8.500 -13.880
16.000 -10.880
16.000 -12.870
16.000 -11.870
16.000 -12.870
16.000 -15.870
8.500 -15.870
16.000 -15.870
16.000 -12.870
16.000 -18.860
16.000 -24.850
18.500 -23.850
18.500 -29.060
18.500 -34.060
18.500 -37.060
18.500 -40.060
18.500 -44.840
18.500 -41.840
18.500 -40.830
18.500 -37.830
18.500 -31.830
18.500 -25.830
18.500 -19.830
18.500 -13.830
18.500 -7.830
18.500 -1.830
18.500 1.170
18.500 5.170
18.500 11.170
18.500 17.170
18.500 15.170
18.500 13.170
18.500 3.170
18.500 -6.830
18.500 -16.830
18.500 -26.830
26.000 -36.830
26.000 -37.830
26.000 -40.830
26.000 -37.830
26.000 -39.830
26.000 -35.830
26.000 -33.830
26.000 -43.830
26.000 -53.830
28.500 -53.830
33.500 -53.830
41.000 -53.830
48.500 -53.830
41.000 -53.830
16.000 -53.830
28.500 -53.830
38.500 -53.830
48.500 -53.830
38.500 -53.830
28.500 -53.820
28.525 -53.810
31.025 -52.810
38.525 -49.810
46.025 -46.810
31.050 -52.800
16.075 -58.790
1.100 -64.780
1.125 -64.770
3.625 -63.770
6.125 -62.770
1.150 -61.770
-3.825 -61.770
-3.500 -61.770
-28.475 -61.770
-28.450 -61.770
-30.925 -56.770
-33.400 -57.770
-35.875 -56.350
-38.350 -60.350
-88.325 -60.350
-85.825 -60.350
-83.325 -59.350
-83.325 -56.330
-83.325 -56.320
-83.325 -60.320
-70.825 -64.320
-63.950 -79.320
-63.925 -79.320
-138.900 -99.320
-213.875 -99.320
-288.850 -99.320
-286.350 -99.320
-291.325 -99.320
-296.300 -99.320
-301.275 -99.320
-306.250 -99.320
-308.750 -99.320
-316.250 -99.320
-316.250 -79.320
-316.250 -129.320
-318.750 -130.320
-321.250 -130.320
-323.750 -130.320
-321.250 -130.320
-308.750 -130.320
-299.525 -130.320
-319.525 -130.320
-351.275 -130.320
-371.275 -130.320
-371.275 -162.110
-368.775 -161.110
-371.275 -161.110
-383.775 -161.110
-403.775 -161.110
-416.275 -161.110
-436.275 -161.110
-448.775 -161.110
-443.775 -161.110
-467.600 -161.110
-465.100 -181.110
-457.600 -191.110
-457.600 -201.110
-457.600 -206.110
-457.600 -214.110
-457.600 -226.360
-457.600 -242.180
-457.600 -234.180
-442.600 -226.180
-467.600 -250.130
-517.575 -290.120
